<?xml version="1.0" encoding="utf-8"?>
<TestRun id="8bbba732-ebac-4de0-8035-7eda4684d559" name="Afshin@ILIYA 2025-05-18 10:21:04" runUser="ILIYA\Afshin" xmlns="http://microsoft.com/schemas/VisualStudio/TeamTest/2010">
  <Times creation="2025-05-18T10:21:04.7079575+03:30" queuing="2025-05-18T10:21:04.7079581+03:30" start="2025-05-18T10:19:43.9846358+03:30" finish="2025-05-18T10:21:04.7200154+03:30" />
  <TestSettings name="default" id="62bf5fc2-18cd-4873-87df-d5e11450c896">
    <Deployment runDeploymentRoot="Afshin_ILIYA_2025-05-18_10_21_04" />
  </TestSettings>
  <Results>
    <UnitTestResult executionId="d3c5a3b2-dfa8-4eea-b13b-9f94bb9fe402" testId="d3a5d3ce-6cce-17b7-1561-c353fb542a05" testName="ValidateDownloadPdfInHelp" computerName="ILIYA" duration="00:01:18.8898860" startTime="2025-05-18T10:19:45.7185003+03:30" endTime="2025-05-18T10:21:04.6083082+03:30" testType="13cdc9d9-ddb5-4fa4-a97d-d965ccfc6d4b" outcome="Failed" testListId="8c84fa94-04c1-424b-9868-57a2d4851a1d" relativeResultsDirectory="d3c5a3b2-dfa8-4eea-b13b-9f94bb9fe402">
      <Output>
        <StdOut>Using Edge Driver  &#xD;
Test method of ValidateDownloadPdfInHelp started at 10:19:46.  Navigate To Page http://tvcs.sl.npgnasr.com&#xD;
Response Time: 01 min and 14 sec</StdOut>
        <ErrorInfo>
          <Message>Test failed: Timed out after 60 seconds</Message>
          <StackTrace>   at RTProSL_MSTest.TestClasses.BaseClass.HandleTestFailure(String message) in C:\Users\Afshin\Desktop\project\RTProSL-Test\RTProSL-MSTest\TestClasses\BaseClass.cs:line 2172&#xD;
   at RTProSL_MSTest.TestClasses.Help.ValidateDownloadPdfInHelp() in C:\Users\Afshin\Desktop\project\RTProSL-Test\RTProSL-MSTest\TestClasses\Help.cs:line 44&#xD;

1)    at RTProSL_MSTest.TestClasses.BaseClass.HandleTestFailure(String message) in C:\Users\Afshin\Desktop\project\RTProSL-Test\RTProSL-MSTest\TestClasses\BaseClass.cs:line 2172&#xD;
   at RTProSL_MSTest.TestClasses.Help.ValidateDownloadPdfInHelp() in C:\Users\Afshin\Desktop\project\RTProSL-Test\RTProSL-MSTest\TestClasses\Help.cs:line 34&#xD;

</StackTrace>
        </ErrorInfo>
      </Output>
    </UnitTestResult>
  </Results>
  <TestDefinitions>
    <UnitTest name="ValidateDownloadPdfInHelp" storage="c:\users\afshin\desktop\folder\runnerapp\testrunner\thread#1_results\rtprosl-mstest.dll" id="d3a5d3ce-6cce-17b7-1561-c353fb542a05">
      <Execution id="d3c5a3b2-dfa8-4eea-b13b-9f94bb9fe402" />
      <TestMethod codeBase="C:\Users\Afshin\Desktop\folder\runnerApp\TestRunner\thread#1_results\RTProSL-MSTest.dll" adapterTypeName="executor://nunit3testexecutor/" className="RTProSL_MSTest.TestClasses.Help" name="ValidateDownloadPdfInHelp" />
    </UnitTest>
  </TestDefinitions>
  <TestEntries>
    <TestEntry testId="d3a5d3ce-6cce-17b7-1561-c353fb542a05" executionId="d3c5a3b2-dfa8-4eea-b13b-9f94bb9fe402" testListId="8c84fa94-04c1-424b-9868-57a2d4851a1d" />
  </TestEntries>
  <TestLists>
    <TestList name="Results Not in a List" id="8c84fa94-04c1-424b-9868-57a2d4851a1d" />
    <TestList name="All Loaded Results" id="19431567-8539-422a-85d7-44ee4e166bda" />
  </TestLists>
  <ResultSummary outcome="Failed">
    <Counters total="1" executed="1" passed="0" failed="1" error="0" timeout="0" aborted="0" inconclusive="0" passedButRunAborted="0" notRunnable="0" notExecuted="0" disconnected="0" warning="0" completed="0" inProgress="0" pending="0" />
    <Output>
      <StdOut>NUnit Adapter 4.6.0.0: Test execution started&#xD;
Running selected tests in C:\Users\Afshin\Desktop\folder\runnerApp\TestRunner\thread#1_results\RTProSL-MSTest.dll&#xD;
   NUnit3TestExecutor discovered 1 of 1 NUnit test cases using Current Discovery mode, Non-Explicit run&#xD;
 Using Edge Driver  &#xD;
Test method of ValidateDownloadPdfInHelp started at 10:19:46.  Navigate To Page http://tvcs.sl.npgnasr.com&#xD;
Response Time: 01 min and 14 sec&#xD;
&#xD;
NUnit Adapter 4.6.0.0: Test execution complete&#xD;
</StdOut>
    </Output>
  </ResultSummary>
</TestRun>