<?xml version="1.0" encoding="utf-8"?>
<TestRun id="d9a7aa04-4346-4b9b-89bb-223df869ed3f" name="Afshin@ILIYA 2025-05-18 10:21:10" runUser="ILIYA\Afshin" xmlns="http://microsoft.com/schemas/VisualStudio/TeamTest/2010">
  <Times creation="2025-05-18T10:21:10.0840281+03:30" queuing="2025-05-18T10:21:10.0840282+03:30" start="2025-05-18T10:21:08.9278012+03:30" finish="2025-05-18T10:21:10.0843826+03:30" />
  <TestSettings name="default" id="56043fa9-b35f-4ab1-a09f-34d964326c2e">
    <Deployment runDeploymentRoot="Afshin_ILIYA_2025-05-18_10_21_10" />
  </TestSettings>
  <TestLists>
    <TestList name="Results Not in a List" id="8c84fa94-04c1-424b-9868-57a2d4851a1d" />
    <TestList name="All Loaded Results" id="19431567-8539-422a-85d7-44ee4e166bda" />
  </TestLists>
  <ResultSummary outcome="Completed">
    <Counters total="0" executed="0" passed="0" failed="0" error="0" timeout="0" aborted="0" inconclusive="0" passedButRunAborted="0" notRunnable="0" notExecuted="0" disconnected="0" warning="0" completed="0" inProgress="0" pending="0" />
    <Output>
      <StdOut>NUnit Adapter 4.6.0.0: Test execution started&#xD;
Running selected tests in C:\Users\Afshin\Desktop\folder\runnerApp\TestRunner\thread#1_results\RTProSL-MSTest.dll&#xD;
   NUnit3TestExecutor discovered 0 of 0 NUnit test cases using Current Discovery mode, Explicit run&#xD;
NUnit Adapter 4.6.0.0: Test execution complete&#xD;
</StdOut>
    </Output>
    <RunInfos>
      <RunInfo computerName="ILIYA" outcome="Warning" timestamp="2025-05-18T10:21:10.0168457+03:30">
        <Text>No test matches the given testcase filter `RTProSL_MSTest.TestClasses.Screenshot.ReportScreenshot` in C:\Users\Afshin\Desktop\folder\runnerApp\TestRunner\thread#1_results\RTProSL-MSTest.dll</Text>
      </RunInfo>
    </RunInfos>
  </ResultSummary>
</TestRun>